  Vcpkg is unable to link because we cannot decide between Release and Debug libraries. Please define the property VcpkgConfiguration to be 'Release' or 'Debug' (currently 'github-nochroma-pack').
  critbucket.cpp
  customeffects.cpp
  notify.cpp
  prediction.cpp
  events.cpp
  draw.cpp
  fonts.cpp
  global.cpp
  hooks.cpp
  interfaces.cpp
  main.cpp
  menu.cpp
  vars.cpp
  aimbot.cpp
  anti_aim.cpp
  chams.cpp
  ChromaSDKImpl.cpp
  FrameController.cpp
  miscellanous.cpp
  position_adjustment.cpp
  triggerbot.cpp
  visuals.cpp
  renderer.cpp
  resolver.cpp
  iconvar.cpp
  setup.cpp
  TGFCfg.cpp
  Generating code
